Arguments: 
  /usr/local/bin/node /usr/local/bin/yarn add --dev hardhat-abi-exporter

PATH: 
  /Library/Frameworks/Python.framework/Versions/3.8/bin:/usr/local/bin:/usr/local/bin:/usr/bin:/bin:/usr/sbin:/sbin:/opt/X11/bin:/Library/Frameworks/Mono.framework/Versions/Current/Commands:/Library/Frameworks/Python.framework/Versions/3.8/bin

Yarn version: 
  1.17.3

Node version: 
  12.19.0

Platform: 
  darwin x64

Trace: 
  Error: https://registry.yarnpkg.com/solc/-/solc-0.6.12.tgz: ESOCKETTIMEDOUT
      at ClientRequest.<anonymous> (/usr/local/lib/node_modules/yarn/lib/cli.js:141091:19)
      at Object.onceWrapper (events.js:420:28)
      at ClientRequest.emit (events.js:314:20)
      at TLSSocket.emitRequestTimeout (_http_client.js:716:9)
      at Object.onceWrapper (events.js:420:28)
      at TLSSocket.emit (events.js:326:22)
      at TLSSocket.Socket._onTimeout (net.js:484:8)
      at listOnTimeout (internal/timers.js:554:17)
      at processTimers (internal/timers.js:497:7)

npm manifest: 
  {
    "name": "solace-protocol",
    "license": "GNU Affero General Public License v3.0",
    "scripts": {
      "build": "waffle",
      "compile": "npx hardhat compile",
      "test": "npx hardhat test"
    },
    "devDependencies": {
      "@nomiclabs/hardhat-ethers": "^2.0.1",
      "@nomiclabs/hardhat-waffle": "^2.0.1",
      "@nomiclabs/hardhat-web3": "^2.0.0",
      "@typechain/ethers-v5": "^2.0.0",
      "@types/chai": "^4.2.15",
      "@types/mocha": "^8.2.1",
      "@types/node": "^14.14.33",
      "chai": "^4.3.3",
      "ethereum-waffle": "^3.3.0",
      "ethers": "^5.0.31",
      "hardhat": "^2.0.11",
      "hardhat-typechain": "^0.3.5",
      "solhint": "3.3.3",
      "ts-generator": "^0.1.1",
      "ts-node": "^9.1.1",
      "typechain": "^3.0.0",
      "typescript": "^4.2.3",
      "web3": "^1.3.4"
    },
    "dependencies": {
      "@openzeppelin/contracts": "^4.0.0-rc.0"
    }
  }

yarn manifest: 
  No manifest

Lockfile: 
  No lockfile
